Arguments: 
  /home/kajiri/.nodenv/versions/14.7.0/bin/node /mnt/c/Users/kajir/AppData/Roaming/npm/node_modules/yarn/bin/yarn.js add @types/path

PATH: 
  /home/kajiri/.nodenv/versions/14.7.0/bin:/home/kajiri/.nodenv/libexec:/home/kajiri/.nodenv/plugins/nodenv-update/bin:/home/kajiri/.nodenv/plugins/node-build/bin:/home/kajiri/.pyenv/shims:/home/kajiri/.rbenv/shims:/home/kajiri/.nodenv/shims:/home/kajiri/.nodenv/bin:/home/kajiri/.rbenv/bin:/home/kajiri/.pyenv/bin:root/.local/bin:root/.cargo/bin:/root/.cargo/bin:/usr/local/bin:/usr/local/sbin:/Users/kazukinakamura/.ebcli-virtual-env/executables:/root/.cargo/bin:/root/.goenv/shims:/root/.goenv/bin:/root/go/1.14.1/bin:/root/.zinit/polaris/bin:/usr/sbin:/usr/bin:/sbin:/bin:/usr/games:/usr/local/games:/mnt/c/WINDOWS/system32:/mnt/c/WINDOWS:/mnt/c/WINDOWS/System32/WindowsPowerShell/v1.0/:/mnt/c/WINDOWS/System32/OpenSSH/:/mnt/c/Program Files/Docker/Docker/resources/bin:/mnt/c/ProgramData/DockerDesktop/version-bin:/mnt/c/Users/kajir/AppData/Local/Programs/Python/Python38/Scripts/:/mnt/c/Users/kajir/AppData/Local/Programs/Python/Python38/:/mnt/c/Users/kajir/AppData/Local/Microsoft/WindowsApps:/mnt/c/Vim/vim82:/mnt/c/Users/kajir/AppData/Local/Programs/Microsoft VS Code/bin:/root/.fzf/bin:$/home/kajiri/.zplug/bin:/usr/local/bin:/usr/local/sbin:/Users/kazukinakamura/.ebcli-virtual-env/executables:/usr/sbin:/usr/bin:/sbin:/bin:/usr/games:/usr/local/games:/mnt/c/WINDOWS/system32:/mnt/c/WINDOWS:/mnt/c/WINDOWS/System32/WindowsPowerShell/v1.0/:/mnt/c/WINDOWS/System32/OpenSSH/:/mnt/c/Program Files/Docker/Docker/resources/bin:/mnt/c/ProgramData/DockerDesktop/version-bin:mnt/c/Users/kajir/AppData/Local/Programs/Python/Python38/Scripts/:/mnt/c/Users/kajir/AppData/Local/Programs/Python/Python38/:/mnt/c/Users/kajir/AppData/Local/Microsoft/WindowsApps:/mnt/c/Vim/vim82:/mnt/c/Users/kajir/AppData/Local/Programs/Microsoft VS Code/bin:/home/kajiri/.fzf/bin:/root/.local/bin:/root/.cargo/bin:/root/.cargo/bin:/usr/local/bin:/usr/local/sbin:/Users/kazukinakamura/.ebcli-virtual-env/executables:/root/.cargo/bin:/root/.goenv/shims:/root/.goenv/bin:/root/go/1.14.1/bin:/root/.zinit/polaris/bin:/usr/sbin:/usr/bin:/sbin:/bin:/usr/games:/usr/local/games:/mnt/c/WINDOWS/system32:/mnt/c/WINDOWS:/mnt/c/WINDOWS/System32/Wbem:/mnt/c/WINDOWS/System32/WindowsPowerShell/v1.0/:/mnt/c/WINDOWS/System32/OpenSSH/:/mnt/c/Program Files/Docker/Docker/resources/bin:/mnt/c/ProgramData/DockerDesktop/version-bin:/mnt/c/Users/kajir/AppData/Local/Programs/Python/Python38/Scripts/:/mnt/c/Users/kajir/AppData/Local/Programs/Python/Python38/:/mnt/c/Users/kajir/AppData/Local/Microsoft/WindowsApps:/mnt/c/Vim/vim82:/mnt/c/Users/kajir/AppData/Local/Programs/Microsoft VS Code/bin:/root/.fzf/bin:/home/kajiri/go/bin:/home/kajiri/go/bin:/home/kajiri/.zplug/bin:/home/kajiri/.pyenv/shims:/home/kajiri/.rbenv/shims:/home/kajiri/.nodenv/shims:/home/kajiri/.nodenv/bin:/home/kajiri/.rbenv/bin:/home/kajiri/.pyenv/bin:root/.local/bin:root/.cargo/bin:/root/.cargo/bin:/usr/local/bin:/usr/local/sbin:/Users/kazukinakamura/.ebcli-virtual-env/executables:/root/.goenv/shims:/root/.goenv/bin:/root/go/1.14.1/bin:/root/.zinit/polaris/bin:/usr/sbin:/usr/bin:/sbin:/bin:/usr/games:/usr/local/games:/mnt/c/WINDOWS/system32:/mnt/c/WINDOWS:/mnt/c/WINDOWS/System32/WindowsPowerShell/v1.0/:/mnt/c/WINDOWS/System32/OpenSSH/:/mnt/c/Program Files/Docker/Docker/resources/bin:/mnt/c/ProgramData/DockerDesktop/version-bin:/mnt/c/Users/kajir/AppData/Local/Programs/Python/Python38/Scripts/:/mnt/c/Users/kajir/AppData/Local/Programs/Python/Python38/:/mnt/c/Users/kajir/AppData/Local/Microsoft/WindowsApps:/mnt/c/Vim/vim82:/mnt/c/Users/kajir/AppData/Local/Programs/Microsoft VS Code/bin:/root/.fzf/bin:$/home/kajiri/.zplug/bin:mnt/c/Users/kajir/AppData/Local/Programs/Python/Python38/Scripts/:/home/kajiri/.fzf/bin:/root/.local/bin:/mnt/c/WINDOWS/System32/Wbem:/home/kajiri/go/bin:/mnt/c/ProgramData/chocolatey/bin:/mnt/c/Program Files/dotnet/:/mnt/c/Program Files/Git/cmd:/mnt/c/flutter/bin:/mnt/c/Program Files/nodejs/:/mnt/c/Users/kajir/scoop/apps/yarn/current/Yarn/bin:/mnt/c/Users/kajir/scoop/apps/yarn/current/global/node_modules/.bin:/mnt/c/Users/kajir/AppData/Local/Programs/Microsoft VS Code Insiders/bin:/mnt/c/Users/kajir/AppData/Roaming/npm

Yarn version: 
  1.22.4

Node version: 
  14.7.0

Platform: 
  linux x64

Trace: 
  Error: https://registry.yarnpkg.com/@types%2fpath: Not found
      at Request.params.callback [as _callback] (/mnt/c/Users/kajir/AppData/Roaming/npm/node_modules/yarn/lib/cli.js:66987:18)
      at Request.self.callback (/mnt/c/Users/kajir/AppData/Roaming/npm/node_modules/yarn/lib/cli.js:140748:22)
      at Request.emit (events.js:314:20)
      at Request.<anonymous> (/mnt/c/Users/kajir/AppData/Roaming/npm/node_modules/yarn/lib/cli.js:141720:10)
      at Request.emit (events.js:314:20)
      at IncomingMessage.<anonymous> (/mnt/c/Users/kajir/AppData/Roaming/npm/node_modules/yarn/lib/cli.js:141642:12)
      at Object.onceWrapper (events.js:420:28)
      at IncomingMessage.emit (events.js:326:22)
      at endReadableNT (_stream_readable.js:1244:12)
      at processTicksAndRejections (internal/process/task_queues.js:80:21)

npm manifest: 
  {
    "name": "markdown-manager",
    "version": "1.0.0",
    "main": "index.js",
    "repository": "ssh://git@github.com/kajirikajiri/markdown-manager.git",
    "author": "kazukinakamuraKN <kajirikajiri@gmail.com>",
    "license": "MIT",
    "dependencies": {
      "ts-node": "^8.10.2",
      "typescript": "^3.9.7"
    }
  }

yarn manifest: 
  No manifest

Lockfile: 
  # THIS IS AN AUTOGENERATED FILE. DO NOT EDIT THIS FILE DIRECTLY.
  # yarn lockfile v1
  
  
  arg@^4.1.0:
    version "4.1.3"
    resolved "https://registry.yarnpkg.com/arg/-/arg-4.1.3.tgz#269fc7ad5b8e42cb63c896d5666017261c144089"
    integrity sha512-58S9QDqG0Xx27YwPSt9fJxivjYl432YCwfDMfZ+71RAqUrZef7LrKQZ3LHLOwCS4FLNBplP533Zx895SeOCHvA==
  
  buffer-from@^1.0.0:
    version "1.1.1"
    resolved "https://registry.yarnpkg.com/buffer-from/-/buffer-from-1.1.1.tgz#32713bc028f75c02fdb710d7c7bcec1f2c6070ef"
    integrity sha512-MQcXEUbCKtEo7bhqEs6560Hyd4XaovZlO/k9V3hjVUF/zwW7KBVdSK4gIt/bzwS9MbR5qob+F5jusZsb0YQK2A==
  
  diff@^4.0.1:
    version "4.0.2"
    resolved "https://registry.yarnpkg.com/diff/-/diff-4.0.2.tgz#60f3aecb89d5fae520c11aa19efc2bb982aade7d"
    integrity sha512-58lmxKSA4BNyLz+HHMUzlOEpg09FV+ev6ZMe3vJihgdxzgcwZ8VoEEPmALCZG9LmqfVoNMMKpttIYTVG6uDY7A==
  
  make-error@^1.1.1:
    version "1.3.6"
    resolved "https://registry.yarnpkg.com/make-error/-/make-error-1.3.6.tgz#2eb2e37ea9b67c4891f684a1394799af484cf7a2"
    integrity sha512-s8UhlNe7vPKomQhC1qFelMokr/Sc3AgNbso3n74mVPA5LTZwkB9NlXf4XPamLxJE8h0gh73rM94xvwRT2CVInw==
  
  source-map-support@^0.5.17:
    version "0.5.19"
    resolved "https://registry.yarnpkg.com/source-map-support/-/source-map-support-0.5.19.tgz#a98b62f86dcaf4f67399648c085291ab9e8fed61"
    integrity sha512-Wonm7zOCIJzBGQdB+thsPar0kYuCIzYvxZwlBa87yi/Mdjv7Tip2cyVbLj5o0cFPN4EVkuTwb3GDDyUx2DGnGw==
    dependencies:
      buffer-from "^1.0.0"
      source-map "^0.6.0"
  
  source-map@^0.6.0:
    version "0.6.1"
    resolved "https://registry.yarnpkg.com/source-map/-/source-map-0.6.1.tgz#74722af32e9614e9c287a8d0bbde48b5e2f1a263"
    integrity sha512-UjgapumWlbMhkBgzT7Ykc5YXUT46F0iKu8SGXq0bcwP5dz/h0Plj6enJqjz1Zbq2l5WaqYnrVbwWOWMyF3F47g==
  
  ts-node@^8.10.2:
    version "8.10.2"
    resolved "https://registry.yarnpkg.com/ts-node/-/ts-node-8.10.2.tgz#eee03764633b1234ddd37f8db9ec10b75ec7fb8d"
    integrity sha512-ISJJGgkIpDdBhWVu3jufsWpK3Rzo7bdiIXJjQc0ynKxVOVcg2oIrf2H2cejminGrptVc6q6/uynAHNCuWGbpVA==
    dependencies:
      arg "^4.1.0"
      diff "^4.0.1"
      make-error "^1.1.1"
      source-map-support "^0.5.17"
      yn "3.1.1"
  
  typescript@^3.9.7:
    version "3.9.7"
    resolved "https://registry.yarnpkg.com/typescript/-/typescript-3.9.7.tgz#98d600a5ebdc38f40cb277522f12dc800e9e25fa"
    integrity sha512-BLbiRkiBzAwsjut4x/dsibSTB6yWpwT5qWmC2OfuCg3GgVQCSgMs4vEctYPhsaGtd0AeuuHMkjZ2h2WG8MSzRw==
  
  yn@3.1.1:
    version "3.1.1"
    resolved "https://registry.yarnpkg.com/yn/-/yn-3.1.1.tgz#1e87401a09d767c1d5eab26a6e4c185182d2eb50"
    integrity sha512-Ux4ygGWsu2c7isFWe8Yu1YluJmqVhxqK2cLXNQA5AcC3QfbGNpM7fu0Y8b/z16pXLnFxZYvWhd3fhBY9DLmC6Q==
